# v0.5.4 Release Plan

**Theme**: Deployment hardening & documentation accuracy — backup service integration, role-based service selection, subscription system documentation, and critical security/bug fixes.

**Goal**: Ensure `setup.sh` correctly configures all node roles without overwriting existing configs, wire up the backup service for every node, and fix documentation to accurately reflect how the lease-based subscription system works (replacing incorrect P2P port references).

---

## Completed Changes

### 1. Backup Service Integration

**Problem:** The backup script (`aitbc-backup.sh`) existed but had no systemd service/timer files. A stale broken symlink was all that remained after `link-systemd.sh` deleted the units. Backups were running but the timer was gone after the last relink.

**Fix:**
- Created `aitbc-backup.service` (oneshot, runs as root)
- Created `aitbc-backup.timer` (daily at 01:00, 5 min random delay, persistent)
- Added `aitbc-backup.timer` to base services in `get_services_for_role()` — **all node roles** get backup
- Added `setup_backup()` function as Step 12/12 in `setup.sh` main()
- Updated `install_services()` fallback to handle `.timer` units (not just `.service`)
- Documented backup service in `SETUP.md` (what gets backed up, schedule, retention, management commands)

**Files changed:**
- `scripts/maintenance/aitbc-backup.service` (new)
- `scripts/maintenance/aitbc-backup.timer` (new)
- `scripts/deployment/setup.sh` — `get_services_for_role()`, `setup_backup()`, `install_services()`, `main()`, final output
- `docs/getting-started/SETUP.md` — new Backup Service section

### 2. Backup Script: PostgreSQL Password Fix

**Problem:** The backup script sourced `blockchain-secrets.env` for `PGPASSWORD`, but that file is published on the website (open island) and must never contain database credentials. PostgreSQL backup was always failing.

**Fix:**
- Removed sourcing of `blockchain-secrets.env` from backup script
- Now reads password from `/etc/aitbc/credentials/postgres_aitbc_governance_password` (created by `setup_postgresql_databases.sh`, 600 permissions)
- Fallback: reads `DB_PASS` from `/etc/aitbc/aitbc-governance.env`
- Updated `SETUP.md` PostgreSQL backup note to reflect correct password source

**Files changed:**
- `scripts/maintenance/aitbc-backup.sh`
- `docs/getting-started/SETUP.md`

### 3. Role-Based Service Selection in setup.sh

**Problem:** `setup.sh` only worked correctly for hub nodes. Shop, customer, and follower nodes got incorrect service lists.

**Fix:**
- Added `get_node_role()` — reads `BLOCKCHAIN_MODE`, `MARKET_ROLE`, `HARDWARE_PROFILE` and returns `hub`/`follower`/`shop`/`customer`
- Added `get_services_for_role()` — returns appropriate service list per role
- Updated `start_services()`, `setup_autostart()`, `install_services()` to use role-based selection

**Service selection per role:**
| Role | Base | Extra | Total |
|------|------|-------|-------|
| hub | blockchain-node, blockchain-rpc, wallet, recovery, monitoring, backup.timer | p2p, coordinator-api, api-gateway, governance, exchange, marketplace, bridge-monitor, event-bridge, hermes, agent-management, agent-coordinator, agent-daemon, blockchain-explorer | 19 |
| follower | base | blockchain-sync, blockchain-explorer | 8 |
| shop | base | gpu, miner, blockchain-sync, blockchain-explorer | 10 |
| customer | base | (none) | 6 |

**Files changed:**
- `scripts/deployment/setup.sh`

### 4. Critical Bug: setup.sh Overwrites Existing Configs

**Problem:** `setup_node_identities()` unconditionally copied example files over existing `blockchain.env` and `node.env`, destroying hub configurations on re-run.

**Fix:**
- Added existence checks — only copies example files if config files don't already exist
- For existing files, updates specific variables within the file instead of overwriting
- Restored hub `node.env` and `blockchain.env` from backup after accidental overwrite

**Files changed:**
- `scripts/deployment/setup.sh` — `setup_node_identities()`

### 5. MEMPOOL_DB_URL Password Sync

**Problem:** After accidental `setup.sh` run regenerated PostgreSQL passwords, `node.env` still had the old mempool password (`aitbc_mempool_password`), causing `psycopg2.OperationalError: password authentication failed for user "aitbc_mempool"`.

**Fix:**
- Updated `MEMPOOL_DB_URL` in `node.env` with correct password from `/etc/aitbc/credentials/postgres_aitbc_mempool_password`

**Files changed:**
- `/etc/aitbc/node.env`

### 6. P2P Gossip Relay: Access Logging

**Problem:** `aitbc-blockchain-p2p` service had no access logging — impossible to see follower connections or gossip activity.

**Fix:**
- Added `--access-log` CLI argument to `gossip/relay.py` `main()`
- Added `--access-log` flag to `aitbc-blockchain-p2p-wrapper.py` exec command
- Passes `access_log=args.access_log` to `uvicorn.run()`

**Files changed:**
- `apps/blockchain-node/src/aitbc_chain/gossip/relay.py`
- `apps/blockchain-node/aitbc-blockchain-p2p-wrapper.py`

### 7. Nginx: WebSocket Routes for Subscription System

**Problem:** Nginx only had WebSocket upgrade headers on `/rpc/subscribe/ws`. The `/rpc/blocks` and `/rpc/transactions` WebSocket endpoints would fail because the general `/rpc/` route didn't have upgrade headers.

**Fix:**
- Replaced single `/rpc/subscribe/ws` location with regex matching all 3 WebSocket endpoints: `/rpc/subscribe/ws`, `/rpc/blocks`, `/rpc/transactions`
- All WebSocket routes now have proper `Upgrade`/`Connection` headers and 3600s timeouts

**Files changed:**
- `/etc/nginx/sites-enabled/aitbc`

### 8. Subscription System Documentation (Major Rewrite)

**Problem:** Documentation incorrectly told followers to connect to P2P port 8200/7070 and start `aitbc-blockchain-p2p`. In reality, followers receive blocks via the lease-based subscription system over the hub's RPC endpoint (HTTP + WebSocket). The `default_peer_rpc_url` config key was missing from the published `blockchain.env`, so followers could never actually connect.

**Fix — Documentation:**
- `docs/hermes/guides/open-island-joining-guide.md` — Rewrote: removed P2P instructions for followers, added "How Follower Sync Works" section, removed `aitbc-blockchain-p2p` from follower startup, corrected network requirements (port 443 only, not 8200)
- `docs/blockchain/ENVIRONMENT_CONFIGURATION.md` — Fixed P2P section (hub-only), added "Subscription Configuration" section with `default_peer_rpc_url`/`subscription_enabled`/`subscription_transport`, removed `p2p_peers` from follower example, fixed validation checklist
- `docs/reference/SERVICE_PORTS.md` — Fixed Blockchain P2P port from 8200 to 7070, clarified hub-only gossip relay, added follower subscription WebSocket endpoints, fixed API Gateway port reference (8200→8201)
- `docs/getting-started/SETUP.md` — Rewrote Lease-Based Subscription System section (transport: websocket not redis), added `default_peer_rpc_url`, documented WebSocket endpoints, fixed "Join Open Island" section
- `docs/architecture/4_blockchain-node.md` — Rewrote Networking section: 3 layers (internal Redis gossip, external subscription over RPC, hub-only gossip relay), fixed WebSocket endpoint names

**Fix — Configuration:**
- `examples/blockchain.env.open-island` — Added `default_peer_rpc_url`, changed `SUBSCRIPTION_TRANSPORT=redis` to `subscription_transport=websocket`, removed legacy `HUB_P2P_HOST`/`HUB_P2P_PORT`/`p2p_peers`
- `/etc/aitbc/blockchain.env` (published on website) — Same fixes as example file

**Key insight:** `aitbc-blockchain-p2p` (port 7070) is a **hub-only** internal gossip relay. Followers do not need it. Followers connect to the hub's RPC URL (`default_peer_rpc_url`) and use:
1. `POST /rpc/subscribe` — register lease
2. `WS /rpc/subscribe/ws` — receive block push
3. `POST /rpc/heartbeat` — extend lease
4. `POST /rpc/sync` — bulk catch-up fallback

### 9. Security: Private Keys Moved from blockchain.env to node.env

**Problem:** The published `blockchain.env` (served at `https://hub.aitbc.bubuit.net/agent/blockchain.env`) contained `PRIVATE_KEY`, `GENESIS_WALLET_PRIVATE_KEY`, `INFURA_API_KEY`, `ETH_RPC_URL`, and bridge contract addresses — all sensitive hub-only credentials exposed publicly.

**Fix:**
- Moved all Ethereum/bridge secrets from `blockchain.env` to `node.env` (private, hub-only):
  - `PRIVATE_KEY`, `GENESIS_WALLET_PRIVATE_KEY`
  - `ETH_RPC_URL`, `INFURA_API_KEY`, `ETH_NETWORK`
  - `BRIDGE_CONTRACT_ADDRESS`, `BRIDGE_ETH_ADDRESS`
  - `MIN_ETH_DEPOSIT`, `BRIDGE_POLL_INTERVAL`
- Kept only public information in `blockchain.env`:
  - `GENESIS_WALLET_ADDRESS` (public address, not a key)
  - `AIT_USD_FIXED_PRICE` (public pricing)
- Verified `bridge-monitor` and `wallet` services still have all keys (both load `node.env`)
- Updated `examples/blockchain.env.open-island` to match

**Files changed:**
- `/etc/aitbc/blockchain.env`
- `/etc/aitbc/node.env`
- `examples/blockchain.env.open-island`

### 10. Bug Fix: @rate_limit Decorator Crashes Sync Endpoints

**Problem:** The `@rate_limit` decorator in `aitbc/rate_limiting.py` was always creating an `async def wrapper` that does `return await func(...)`. When decorating a regular (non-async) function like `list_wallets`, this caused `TypeError: object WalletListResponse can't be used in 'await' expression` and a 500 error on `GET /v1/wallets`. This also prevented the wallet service from auto-importing the genesis wallet on startup.

**Fix:**
- Check `asyncio.iscoroutinefunction(func)` in the decorator
- Use `async def wrapper` with `await` for async functions
- Use regular `def wrapper` with direct return for sync functions

**Files changed:**
- `aitbc/rate_limiting.py`

---

## Services Status (Hub Node)

All 19 hub services active and healthy after changes:
- aitbc-blockchain-node, aitbc-blockchain-rpc, aitbc-blockchain-p2p
- aitbc-wallet (now returns 200 on /v1/wallets with genesis wallet auto-imported)
- aitbc-bridge-monitor (still has GENESIS_WALLET_PRIVATE_KEY from node.env)
- aitbc-exchange, aitbc-governance, aitbc-marketplace
- aitbc-coordinator-api, aitbc-api-gateway
- aitbc-hermes, aitbc-agent-management, aitbc-agent-coordinator, aitbc-agent-daemon
- aitbc-blockchain-event-bridge, aitbc-blockchain-explorer
- aitbc-recovery, aitbc-monitoring
- aitbc-backup.timer (daily at 01:00, next: 2026-06-21 01:03)

---

## Files Changed Summary

| File | Change |
|------|--------|
| `scripts/deployment/setup.sh` | Role-based service selection, setup_backup(), config overwrite fix, install_services() timer handling |
| `scripts/maintenance/aitbc-backup.sh` | PostgreSQL password from credentials dir, not blockchain-secrets.env |
| `scripts/maintenance/aitbc-backup.service` | New — systemd oneshot service |
| `scripts/maintenance/aitbc-backup.timer` | New — daily systemd timer |
| `apps/blockchain-node/src/aitbc_chain/gossip/relay.py` | Added --access-log CLI arg |
| `apps/blockchain-node/aitbc-blockchain-p2p-wrapper.py` | Pass --access-log to relay |
| `aitbc/rate_limiting.py` | Fix async/sync decorator wrapper |
| `/etc/nginx/sites-enabled/aitbc` | WebSocket routes for /rpc/blocks, /rpc/transactions |
| `/etc/aitbc/blockchain.env` | Removed private keys, added default_peer_rpc_url + subscription config |
| `/etc/aitbc/node.env` | Added Ethereum/bridge secrets, fixed MEMPOOL_DB_URL password |
| `examples/blockchain.env.open-island` | Match published blockchain.env (public info only) |
| `docs/getting-started/SETUP.md` | Backup service docs, subscription system rewrite, open island join fix |
| `docs/hermes/guides/open-island-joining-guide.md` | Full rewrite — subscription system, no P2P for followers |
| `docs/blockchain/ENVIRONMENT_CONFIGURATION.md` | P2P hub-only, subscription config section, follower example fix |
| `docs/reference/SERVICE_PORTS.md` | P2P port 7070, subscription WebSocket endpoints, API Gateway port fix |
| `docs/architecture/4_blockchain-node.md` | Networking section rewrite — 3 layer model |

---

## Additional Fixes (Post-Review)

### 11. setup_postgresql_databases.sh: Sync MEMPOOL_DB_URL to node.env

**Problem:** When `setup_postgresql_databases.sh` generates a new mempool password, it writes to `aitbc-blockchain-p2p.env` but not `node.env`. The blockchain-node reads `MEMPOOL_DB_URL` from `node.env`, so re-running setup breaks the node with a stale password.

**Fix:** Added logic to update `MEMPOOL_DB_URL` in `node.env` if it exists (sed replace if present, append if missing).

**Files changed:** `scripts/deployment/setup_postgresql_databases.sh`

### 12. Fix p2p_bind_port and network-info Endpoint

**Problem:** `node.env` had `p2p_bind_port=8200` but the actual gossip relay runs on port 7070 (hardcoded in wrapper script). The `/rpc/network-info` endpoint read this and told followers to "Connect via P2P protocol to hub:8200" — wrong port and wrong instructions.

**Fix:**
- Changed `p2p_bind_port` from 8200 to 7070 in `node.env`
- Updated `/rpc/network-info` endpoint to give subscription instructions instead of P2P instructions
- Updated version string to 0.5.4

**Files changed:**
- `/etc/aitbc/node.env`
- `apps/blockchain-node/src/aitbc_chain/rpc/router.py`

### 13. Remove Unused PRIVATE_KEY from node.env

**Problem:** `PRIVATE_KEY` (an Ethereum private key) was in `node.env` but no Python code reads it. Only `GENESIS_WALLET_PRIVATE_KEY` is used (by bridge-monitor). Reducing secret surface.

**Fix:** Removed `PRIVATE_KEY` line from `node.env`. Verified bridge-monitor still works (no warnings).

**Files changed:** `/etc/aitbc/node.env`

### 14. Follower Join Flow Verified End-to-End

Tested the complete follower join flow through nginx:
1. `GET /agent/blockchain.env` — downloads clean config with `default_peer_rpc_url`
2. `GET /agent/blockchain-secrets.env` — downloads shared auth secrets
3. `GET /rpc/network-info` — returns correct subscription instructions (port 7070, version 0.5.4)
4. `GET /rpc/head` — follower can read hub block height (30214)
5. `POST /rpc/subscribe` — lease registration works (3600s lease, websocket transport)
6. `POST /rpc/heartbeat` — lease extension works
7. `WS /rpc/subscribe/ws` — WebSocket block push works through nginx (received block)
8. `DELETE /rpc/lease/{node_id}` — lease revocation works
9. `GET /rpc/subscribers` — subscriber list correct

All endpoints verified working through nginx reverse proxy with correct WebSocket upgrade headers.

---

## Post-Deployment Fixes (Shop Node — 2026-06-20)

After the v0.5.4 pull, the shop node (`aitbc3`, follower of `hub.aitbc.bubuit.net`) was found in an incorrect state: `MARKET_ROLE=customer` instead of `shop`, 10 hub-only services running, backup timer not installed, and several pre-existing code bugs. The following fixes were applied:

### 15. Shop Node Role Configuration

**Problem:** `/etc/aitbc/node.env` had `MARKET_ROLE=customer` and `HARDWARE_PROFILE=nogpu` despite this being a GPU-equipped shop node (RTX 4060 Ti).

**Fix:** Updated `node.env` to `MARKET_ROLE=shop` and `HARDWARE_PROFILE=gpu`.

**Files changed:** `/etc/aitbc/node.env`

### 16. setup.sh: coordinator-api Missing from shop_services

**Problem:** `get_services_for_role("shop")` did not include `aitbc-coordinator-api`, but the miner service depends on it (`COORDINATOR_URL=http://localhost:8203`, `wait_for_coordinator()` in `production_miner.py`).

**Fix:** Added `aitbc-coordinator-api` to `shop_services` array in `setup.sh`.

**Files changed:** `scripts/deployment/setup.sh`

### 17. link-systemd.sh: Role-Aware Service Linking

**Problem:** `link-systemd.sh` unconditionally linked ALL aitbc-* unit files from the repo, including hub-only services on shop/follower/customer nodes. When `aitbc-recovery.service` ran `link-systemd.sh` on boot, it re-linked disabled hub services.

**Fix:**
- Added `get_node_role()` and `get_allowed_services()` functions (mirroring `setup.sh` logic)
- Only links services appropriate for the current node role
- Fixed `find -delete` to also remove symlinks (`-type f -o -type l`), not just regular files
- Falls back to linking everything if role config is unavailable (initial setup)

**Files changed:** `scripts/utils/link-systemd.sh`

### 18. Coordinator-API: get_token Depends Injection Bug

**Problem:** `require_auth()`, `require_admin()`, `require_client()`, `require_miner()` in `auth/dependencies.py` called `get_token()` directly instead of using `Depends(get_token)`. Since `get_token` has `authorization: str | None = Header(default=None, alias="Authorization")` as a default parameter, calling it directly passed the `Header()` object (not the actual header value), causing `TypeError: 'Header' object has no attribute 'startswith'` → 500 error on every authenticated endpoint.

**Fix:** Changed all `require_*` functions to accept `token: str = Depends(get_token)` as a parameter, letting FastAPI properly resolve the dependency.

**Files changed:** `apps/coordinator-api/src/app/auth/dependencies.py`

### 19. Coordinator-API: Miner API Key Auth Support

**Problem:** The miner sends `X-Api-Key` header for authentication, but the coordinator-api was migrated to JWT-only auth (`get_api_key()` raises `RuntimeError`). The miner could never register — got 500 (from bug #18) then would have gotten 401.

**Fix:**
- Added `require_miner_api_key()` dependency that validates `X-Api-Key` against `config.settings.miner_api_keys`, falling back to `COORDINATOR_API_KEY` env var
- Created combined `require_miner()` that tries JWT first, falls back to API key
- Updated `MinerDep` to use the combined dependency
- Set `MINER_API_KEY` in `/etc/aitbc/aitbc-miner.env` to match `COORDINATOR_API_KEY`

**Files changed:**
- `apps/coordinator-api/src/app/auth/dependencies.py`
- `/etc/aitbc/aitbc-miner.env`

### 20. Miner: Logging Format String Bug

**Problem:** `logger.info("Heartbeat sent (GPU: %s%)", ...)` — the trailing `%` was interpreted as a format specifier, causing `TypeError: not enough arguments for format string` on every heartbeat.

**Fix:** Changed to `"Heartbeat sent (GPU: %s%%)"` (escaped literal `%`).

**Files changed:** `apps/miner/production_miner.py`

### 21. Blockchain Sync: Type=oneshot + Timer

**Problem:** `aitbc-blockchain-sync.service` was `Type=simple` but `sync_cli` is a one-shot bulk catch-up tool that exits after catching up. systemd showed it as "inactive/dead" which looked like a failure.

**Fix:**
- Changed service to `Type=oneshot` (removed `Restart=on-failure` which is meaningless for oneshot)
- Created `aitbc-blockchain-sync.timer` (runs 30s after boot, then every 5 minutes)
- Added timer to `get_services_for_role()` follower/shop lists in `setup.sh`

**Files changed:**
- `apps/blockchain-node/aitbc-blockchain-sync.service`
- `apps/blockchain-node/aitbc-blockchain-sync.timer` (new)
- `scripts/deployment/setup.sh`

### 22. MEMPOOL_DB_URL Password Fix (Live Node)

**Problem:** `MEMPOOL_DB_URL` in `/etc/aitbc/blockchain.env` and `/etc/aitbc/aitbc-blockchain-node.env` had password `aitbc_mempool` which matched PostgreSQL. The credentials file `/etc/aitbc/credentials/postgres_aitbc_mempool_password` had a different password (`Mrg9-...`) that was never applied to PostgreSQL. Attempting to use the credentials file password broke the blockchain-node.

**Fix:** Kept PostgreSQL password as `aitbc_mempool` (matching the working state) and reverted env files to match. The credentials file appears to be stale from a `setup_postgresql_databases.sh` run that didn't complete.

**Files changed:** `/etc/aitbc/blockchain.env`, `/etc/aitbc/aitbc-blockchain-node.env`

### 23. Orphaned Unit Cleanup

**Fix:** Removed orphaned `aitbc-explorer.service` symlink (pointed to renamed `aitbc-blockchain-explorer.service`, state was `bad`). Reset failed `aitbc-security-audit.timer` (service file doesn't exist in repo).

---

**Shop Node Final State (2026-06-20, updated 2026-06-21):**

| Service | Status |
|---------|--------|
| aitbc-blockchain-node | active (follower, WebSocket push + periodic pull) |
| aitbc-blockchain-rpc | active |
| aitbc-blockchain-explorer | active |
| aitbc-blockchain-sync | oneshot + timer (every 5 min, pulls from hub) |
| aitbc-coordinator-api | active (0 errors) |
| aitbc-gpu | active (RTX 4060 Ti) |
| aitbc-miner | active (registered, heartbeats every 15s) |
| aitbc-wallet | active |
| aitbc-monitoring | active (no more watchdog loop) |
| aitbc-recovery | active/exited (oneshot, role-aware) |
| aitbc-backup.timer | active (daily 01:00) |
| aitbc-blockchain-sync.timer | active (every 5 min) |

10 hub-only services stopped, disabled, and no longer linked by `link-systemd.sh`.

---

## Hub-Side Fixes: WebSocket Block Push (2026-06-20)

After the shop node fixes, the follower reported that the subscription WebSocket connected but blocks were not being pushed through it — only periodic pull sync was working. Investigation on the hub revealed three bugs preventing WebSocket block push.

### 24. Gossip Backend: Memory Instead of Redis

**Problem:** The hub's blockchain-node and blockchain-rpc are separate processes. The blockchain-node produces blocks and publishes them to a gossip broker. The blockchain-rpc's WebSocket endpoint subscribes to the same broker to push blocks to followers. But the gossip backend defaulted to `memory` (in-process), so messages published by the node process never reached the RPC process.

**Fix:** Added `gossip_backend=redis` to `/etc/aitbc/node.env` (loaded by both services).

**Files changed:** `/etc/aitbc/node.env`

### 25. app.py: create_backend() Result Discarded

**Problem:** `app.py` (blockchain-rpc) called `create_backend("broadcast", ...)` but threw away the result — it never called `gossip_broker.set_backend(backend)`. The global `gossip_broker` kept using the default `InMemoryGossipBackend` regardless of the `gossip_backend` setting.

**Fix:** Changed to `backend = create_backend(...)` followed by `await gossip_broker.set_backend(backend)`, matching how `main.py` does it.

**Files changed:** `apps/blockchain-node/src/aitbc_chain/app.py`

### 26. BroadcastGossipBackend: broadcaster Library Incompatible with redis-py 8.x

**Problem:** The `BroadcastGossipBackend` used the `broadcaster` library (v0.3.1) for Redis pub/sub. The `broadcaster` library is incompatible with `redis-py 8.0.0` — its `_pubsub_listener` task silently fails to deliver messages. Direct `redis-py` async pubsub works correctly.

**Fix:** Rewrote `BroadcastGossipBackend` to use `redis-py` directly instead of the `broadcaster` library:
- `publish()`: uses `redis.publish(topic, payload)` directly
- `subscribe()`: creates a dedicated `redis.asyncio.Redis` connection with `socket_timeout=None` (required for `listen()` which blocks indefinitely), subscribes via `pubsub.subscribe(topic)`, and iterates `pubsub.listen()` in a background task
- Removed dependency on `broadcaster` package

**Key insight:** `redis-py 8.0.0`'s `from_url()` doesn't properly propagate `socket_timeout=None` to the connection, causing a 5-second timeout. Using `Redis.from_url(url, socket_timeout=None, socket_connect_timeout=5)` fixes this.

**Files changed:** `apps/blockchain-node/src/aitbc_chain/gossip/broker.py`

### Verification

End-to-end WebSocket block push verified through nginx:
1. `POST /rpc/subscribe` → lease registered (3600s)
2. `WS /rpc/subscribe/ws` → connected, subscription confirmed
3. Block 30295 pushed through nginx WebSocket to test subscriber
4. `DELETE /rpc/lease/{node_id}` → lease revoked

The follower (`aitbc3`) now receives blocks via WebSocket push in real-time, with periodic pull sync as fallback.

### Known Issue: State Root Divergence (Follower) — RESOLVED

The follower computed a different state root (`0xe85d3fd6...`) than the hub (`0x885bc46a...`). Investigation on the hub confirmed:
- Hub has 11 accounts, follower has 8
- Hub's state root `0x885bc46a...` matches what's in the blocks
- The divergence happened because bulk block sync skips state root validation and doesn't replay all transaction types that create accounts (e.g. genesis allocations, special registration transactions)

**Temporary mitigation (item #27):** Both push and pull sync paths used `skip_state_root_validation=True`.

**Permanent fix (items #28-29):** State snapshot endpoint + follower state sync. See below.

### 27. Subscription Client: Skip State Root Validation on Push Path (Temporary)

**Problem:** The WebSocket push path called `import_block()` without `skip_state_root_validation=True`, while the bulk pull sync path did skip it. This caused blocks received via WebSocket push to be rejected due to state root divergence.

**Fix:** Added `skip_state_root_validation=True` to the `import_block()` call in the subscription client's push path, making it consistent with the bulk pull sync path.

**Note:** This was a temporary measure. Once state sync (items #28-29) reconciled account state, validation was re-enabled (item #30).

**Files changed:** `apps/blockchain-node/src/aitbc_chain/subscription_client.py`

---

## Additional Fixes (2026-06-20/21)

### 28. State Snapshot Endpoint

**Problem:** Followers had no way to sync account state from the hub. Bulk block sync imported blocks but didn't replay all transaction types that create accounts, leading to missing accounts and state root divergence.

**Fix:** Added `GET /rpc/state/snapshot` endpoint that returns all accounts (address, balance, nonce) for a chain along with the computed state root. Rate-limited to 10 req/min (heavy query, only needed by followers).

**Files changed:**
- `apps/blockchain-node/src/aitbc_chain/rpc/accounts.py` (new `get_state_snapshot()`)
- `apps/blockchain-node/src/aitbc_chain/rpc/router.py` (new route)

### 29. Follower State Sync

**Problem:** Followers needed a mechanism to pull the state snapshot and reconcile local accounts.

**Fix:** Added `ChainSync.sync_state_from(source_url)` method that:
- Pulls the state snapshot from the hub via `/rpc/state/snapshot`
- Creates missing accounts with correct balances/nonces
- Updates existing accounts if balances/nonces diverged
- Verifies the local state root matches the remote after sync
- Returns a summary: `{created, updated, local_root, remote_root, match}`

Integrated into `_periodic_sync_task` in `main.py`:
- Runs on startup and every 10 periodic sync cycles (~5 min)
- Failures are logged as warnings but don't break block sync
- Handles 404 gracefully (when hub hasn't deployed the endpoint yet)

**Result:** Follower created 3 missing accounts (`0x6946...`, `0x97b6...`, `0xe789...`), state roots now match: `0x885bc46a...` = `0x885bc46a...`

**Files changed:**
- `apps/blockchain-node/src/aitbc_chain/sync.py` (new `sync_state_from()`)
- `apps/blockchain-node/src/aitbc_chain/main.py` (state sync in periodic task)

### 30. Re-enable State Root Validation on Push Path

**Problem:** With state roots now matching, the temporary `skip_state_root_validation=True` on the push path (item #27) was no longer needed.

**Fix:** Removed `skip_state_root_validation=True` from the subscription client's `import_block()` call. Blocks are now fully validated on WebSocket push import.

**Verified:** Block 30322 imported via push sync with validation enabled, no mismatch errors.

**Files changed:** `apps/blockchain-node/src/aitbc_chain/subscription_client.py`

### 31. Blockchain-Node: Logging Not Configured

**Problem:** `main.py` (blockchain-node entry point) never called `configure_logging()`. The root logger stayed at WARNING (30) with no handlers. All INFO logs from the subscription client, periodic sync, and gossip broker were silently dropped — making it impossible to diagnose sync issues.

**Root cause:** `get_blockchain_logger()` sets the named logger to INFO (20), but with no handlers and `propagate=True`, messages propagate to the root logger which is at WARNING — so INFO messages are discarded.

**Fix:** Added `configure_logging(level="INFO")` to the `run()` function in `main.py`, matching how `app.py` (blockchain-rpc) already configures logging.

**Files changed:** `apps/blockchain-node/src/aitbc_chain/main.py`

### 32. Blockchain Sync: Pulling from Localhost Instead of Hub

**Problem:** `aitbc-blockchain-sync-wrapper.py` defaulted `AITBC_SYNC_SOURCE` to `http://127.0.0.1:8202` (the local RPC), not the hub. The sync service was syncing the node with itself — completely useless.

**Fix:** Changed the default to fall back to `default_peer_rpc_url` from the environment (set to `https://hub.aitbc.bubuit.net` in `blockchain.env`). The sync service now pulls blocks from the hub.

**Files changed:** `apps/blockchain-node/aitbc-blockchain-sync-wrapper.py`

### 33. Monitoring Service: Watchdog Timeout Loop

**Problem:** `aitbc-monitoring.service` had `WatchdogSec=30` + `NotifyAccess=all`, but the monitoring service is a plain uvicorn/FastAPI app with no `sd_notify` integration. systemd killed it every 30s, it restarted, ran 30s, got killed again — an infinite restart loop.

**Fix:** Removed `WatchdogSec=30` and `NotifyAccess=all` from the unit file, matching the pattern used by other services (coordinator-api, blockchain-rpc, etc. all have `# WatchdogSec disabled - requires application-level sd_notify support`).

**Files changed:** `scripts/monitoring/aitbc-monitoring.service`

### 34. Middleware Log Spam Reduction

**Problem:** Three middleware layers each logged every request at INFO level, producing 144 lines/min (72 `request_id` + 36 `uvicorn.access` + 36 `performance`). High-frequency endpoints (`/health`, `/prometheus`, `/v1/miners/poll`) dominated the logs.

**Fix:**
- `RequestIDMiddleware`: Quiet paths (`/health`, `/prometheus`, `/metrics`, `/v1/miners/poll`) logged at DEBUG. Errors logged at INFO (4xx) or WARNING (5xx). Non-quiet successful requests at DEBUG.
- `PerformanceLoggingMiddleware`: Same quiet path logic. Slow requests (>1000ms) logged at WARNING.
- `aitbc_logging.py`: Set `uvicorn.access` logger to WARNING (request logging handled by middleware).
- `coordinator-api.service`: Changed `--access-log` to `--no-access-log`.

**Result:** Log volume reduced from 144 lines/min to ~6 lines/min (only heartbeats at INFO).

**Files changed:**
- `aitbc/middleware/request_id.py`
- `aitbc/middleware/performance.py`
- `aitbc/aitbc_logging.py`
- `apps/coordinator-api/aitbc-coordinator-api.service`

---

**Final Verified State (2026-06-21):**

Hub:
- All services active, 0 failed
- Block height: 30325+ (producing ~1 block/min)
- 1 subscriber (follower `aitbc`)
- Redis pub/sub delivering blocks to RPC → WebSocket → follower
- `network-info` endpoint reports port 7070, version 0.5.4, subscription instructions
- Published `blockchain.env` contains no private keys
- State snapshot endpoint live: 11 accounts, state root `0x885bc46a...`

Follower (aitbc3):
- Receiving blocks via WebSocket push in real-time (verified: blocks 30305-30322+)
- Lease active, heartbeats every 60s
- Local height matches hub height
- State roots match: `0x885bc46a...` = `0x885bc46a...` (11 accounts each)
- State root validation re-enabled on push path (no rejections)
- State sync runs every ~5 min to reconcile accounts
- Miner registered, heartbeats sending (GPU: RTX 4060 Ti)
- Coordinator-api: 0 unhandled exceptions, 0 500 errors
- Log volume: ~6 lines/min (down from 144)
- 0 failed units

| Service | Status |
|---------|--------|
| aitbc-blockchain-node | active (follower, WebSocket push + periodic pull) |
| aitbc-blockchain-rpc | active |
| aitbc-blockchain-explorer | active |
| aitbc-blockchain-sync | oneshot + timer (every 5 min, pulls from hub) |
| aitbc-coordinator-api | active (0 errors) |
| aitbc-gpu | active (RTX 4060 Ti) |
| aitbc-miner | active (registered, heartbeats every 15s) |
| aitbc-wallet | active |
| aitbc-monitoring | active (no more watchdog loop) |
| aitbc-recovery | active/exited (oneshot, role-aware) |
| aitbc-backup.timer | active (daily 01:00) |
| aitbc-blockchain-sync.timer | active (every 5 min) |

10 hub-only services stopped, disabled, and no longer linked by `link-systemd.sh`.

## Commits

| Commit | Description |
|--------|-------------|
| `baa5634d` | feat(v0.5.4): logging improvements + blockchain sync timer service |
| `45a1731f` | fix(v0.5.4): gossip backend — switch to redis-py direct for cross-process pub/sub |
| `50ee11ca` | docs(v0.5.4): change.log update (hub-side WebSocket fixes) |
| `101c7bff` | feat(v0.5.4): state snapshot endpoint + follower state sync |
| `a5e7c7ac` | fix(v0.5.4): re-enable state root validation on push path |
