# AITBC v0.7.0 Release Notes

**Date**: TBD
**Status**: 🚧 Planned
**Scope**: Cross-Chain Bridge Basics — Lock/Unlock, RPC, Simple Transfers, Monitoring

## 🎯 Overview

AITBC v0.7.0 delivers the foundational cross-chain bridge infrastructure: asset locking/unlocking, bridge RPC endpoints, simple cross-chain transfers, configuration management, and bridge monitoring. This release establishes the bridge plumbing that subsequent security (v0.7.1), oracle (v0.7.2), and trading (v0.8.0/v0.9.0) releases build upon.

**Split rationale**: The original v0.7.0 plan bundled 25 features including multi-sig validation, cross-chain signature verification, time-locks, oracle integration, and cross-chain identity mapping. These are 5-10x more complex than the bridge basics and carry critical security risk. They have been moved to dedicated releases (v0.7.1, v0.7.2) so the foundational bridge can ship on time while the security-critical work gets focused effort and audit.

**Prerequisites**: Requires [v0.6.0](../v0.6.0/change.log) (Database & Network Optimization — bridge DB queries and network transfers need optimization), [v0.6.1](../v0.6.1/change.log) (Parallel Processing — bridge performance targets of >100 TPS and <500ms latency require parallel transaction validation, not just DB caching), [v0.6.3](../v0.6.3/change.log) (Multi-Island Node Support — nodes must be able to follow multiple chains from multiple hubs), [v0.6.4](../v0.6.4/change.log) (Multi-Chain Per Island — islands must be able to host multiple chains before bridging can fully work), and [v0.5.16](../v0.5.16/change.log) (Security Hardening — bridge proof verification security fix, without which the bridge is trivially forgeable).

## 🎯 Release Highlights

### Cross-Chain Bridge (Basics)
- 🚧 Bridge contracts for asset transfers between chains (lock/unlock pattern)
- 🚧 Bridge RPC endpoints for cross-chain operations
- 🚧 Cross-chain transaction validation and verification (basic proof validation)
- 🚧 Bridge monitoring and alerting

### Interoperability Features
- 🚧 Multi-chain wallet support
- 🚧 Cross-chain transaction history tracking
- 🚧 Chain-specific configuration management
- 🚧 Interoperable transaction standards

### Performance & Scalability
- 🚧 Optimized cross-chain transaction processing
- 🚧 Batch bridge operations
- 🚧 Cross-chain sync optimization

### Developer Experience
- 🚧 Bridge SDK and APIs
- 🚧 Cross-chain development tools
- 🚧 Bridge testing framework
- 🚧 Cross-chain documentation
- 🚧 Bridge debugging tools

## 📋 Detailed Features

### Bridge Contracts
- Asset locking/unlocking mechanisms (lock-mint/burn-release pattern)
- Cross-chain transaction verification (basic proof validation)
- Bridge fee management
- Emergency pause mechanisms
- Bridge upgrade capabilities

### RPC Endpoints
- `POST /rpc/bridge/lock` - Lock assets for bridging
- `POST /rpc/bridge/unlock` - Unlock bridged assets
- `POST /rpc/bridge/transfer` - Initiate cross-chain transfer
- `GET /rpc/bridge/status/{tx_id}` - Get bridge transaction status
- `GET /rpc/bridge/balance/{chain_id}` - Get bridge balance

### Configuration
- Bridge-specific environment variables
- Chain connection parameters
- Bridge timeout and retry settings
- Cross-chain network configuration

### Verified Code Targets (from suggestions.md investigation)

#### Bridge Service Boundary — Clarified
**Finding**: No standalone `aitbc-bridge-service` exists. Bridge functionality is hosted inside `blockchain-node` (cross_chain/bridge.py, network/bridge_manager.py, rpc/bridge.py) and `coordinator-api` (cross_chain services).
**Decision**: Bridge RPC remains hosted in `blockchain-node`. No standalone bridge service is created in this release. The `bridge-monitor` app (`apps/bridge-monitor/`) provides monitoring only.
**Migration guide**: Updated to reference `aitbc-blockchain-node` service, not non-existent `aitbc-bridge-service`.

## 🔧 Breaking Changes

- New bridge configuration format in `/etc/aitbc/bridge.env`
- Updated RPC endpoint structure for bridge operations
- Changes to wallet schema for multi-chain support
- Migration required for existing cross-chain setups

## 📊 Migration Guide

### v0.5.x → v0.7.0

1. **Backup existing configuration**
   ```bash
   cp /etc/aitbc/blockchain.env /etc/aitbc/blockchain.env.backup
   ```

2. **Create bridge configuration**
   ```bash
   cp /opt/aitbc/examples/bridge.env /etc/aitbc/bridge.env
   ```

3. **Configure bridge parameters**
   - Set supported chains
   - Configure bridge endpoints
   - Set bridge timeout and retry parameters

4. **Restart services**
   ```bash
   systemctl restart aitbc-blockchain-node
   ```

5. **Verify bridge status**
   ```bash
   aitbc bridge status
   ```

## 🧪 Testing

### Bridge Testing
- Cross-chain asset transfer tests (basic lock/unlock)
- Bridge fee calculation tests
- Bridge performance benchmarks
- Bridge failure scenario tests (network errors, invalid proofs)
- Cross-chain integration tests

### Test Coverage Goals
- Bridge contracts: >90%
- Bridge RPC endpoints: >85%
- Cross-chain operations: >80%

## 📚 Documentation

- [Bridge Architecture Guide](../architecture/bridge-architecture.md)
- [Cross-Chain Operations Guide](../getting-started/cross-chain-guide.md)
- [Bridge API Reference](../api/bridge-api.md)
- [Bridge Troubleshooting](../troubleshooting/bridge-issues.md)

## 🚀 Dependencies

### New Dependencies
- Cross-chain bridge libraries (basic lock/unlock)

### Updated Dependencies
- Blockchain node v0.7.0+
- CLI v0.7.0+
- Coordinator API v0.7.0+

## 🔐 Security Considerations

- Basic proof validation for cross-chain transfers
- Emergency pause mechanisms
- Bridge monitoring for anomaly detection
- **Note**: Multi-sig validation, cross-chain signature verification, and time-locks are deferred to [v0.7.1](../v0.7.1/change.log)
- **Note**: Oracle integration and advanced proof verification are deferred to [v0.7.2](../v0.7.2/change.log)

## 📈 Performance Targets

- Cross-chain transaction time: <5 minutes
- Bridge throughput: >100 TPS
- Bridge confirmation time: <2 minutes
- Bridge success rate: >99.5%
- Bridge latency: <500ms

## 🎯 Success Criteria

- ✅ Cross-chain asset transfers functional (basic lock/unlock)
- ✅ Bridge performance targets met
- ✅ Comprehensive documentation complete
- ✅ Migration guide tested and validated
- ✅ Bridge monitoring operational

## 🚀 Next Steps

### v0.7.1 — Bridge Security Layer
- Multi-signature bridge validation
- Cross-chain signature verification
- Time-locked transaction processing
- Bridge event auditing
- External security audit

### v0.7.2 — Bridge Oracle & Verification
- Bridge oracle integration
- Advanced cross-chain proof verification
- Light client verification

### v0.7.3 — Governance
- On-chain proposals, voting, parameter changes, cross-chain governance (requires v0.7.0 bridge for cross-chain proposal propagation)

---

*Last Updated: 2026-06-25*
*Version: 0.7.0*
*Status: Planned*
