# AITBC v1.0.0 Release Plan — Production Readiness

## Overview

v1.0.0 is the **production readiness milestone**. It is not a feature release — it is the point at which the codebase, infrastructure, and operational practices are hardened enough to handle real user funds on mainnet Ethereum.

**Target Date**: Q1 2025
**Theme**: "Trustworthy Infrastructure"
**Success Criteria**: A security auditor can review the codebase and find no P0/P1 issues.

---

## P0: Real Ethereum Mainnet (MUST HAVE)

### Problem
The codebase is architected for a local testnet (`localhost:8202`, `network_id=1337`). Switching to mainnet is not just a config change — it requires:

- Real gas estimation and fee management
- 12-block confirmation finality
- Mainnet RPC failover (multiple providers)
- Smart contract deployment and verification

### Work Required

| Task | Status | Owner |
|------|--------|-------|
| Deploy AITBC token contract to mainnet | 🔴 Not started | Blockchain team |
| Deploy escrow contract to mainnet | 🔴 Not started | Blockchain team |
| Deploy bounty contract to mainnet | 🔴 Not started | Blockchain team |
| Deploy staking contract to mainnet | 🔴 Not started | Blockchain team |
| Add gas estimation to `PaymentService` | 🟡 Partial | Agent A |
| Add transaction retry with exponential backoff | 🔴 Not started | TBD |
| Configure mainnet RPC with failover | 🔴 Not started | DevOps |
| Add `required_confirmations=12` logic | 🔴 Not started | TBD |
| Update all `blockchain_rpc_url` defaults | 🟡 Partial | Agent B |
| Remove all testnet-only code paths | 🔴 Not started | TBD |

### Acceptance Criteria
- [ ] All payments use real ETH/ERC-20 on mainnet
- [ ] No code path references `localhost:8202` in production
- [ ] Transaction failures are retried, not mocked
- [ ] Contract addresses are environment-configurable, not hardcoded

---

## P0: Complete JWT Auth Removal of API Keys (MUST HAVE)

### Problem
API key auth still exists in `deps.py` as deprecated but functional. For production, API keys must be **completely removed** — not just deprecated.

### Remaining Work

| Task | Status | Owner |
|------|--------|-------|
| Migrate remaining 6 high-risk routers (admin, cache, marketplace, payments, security) | 🔴 Not started | Agent A |
| Delete `deps.py` entirely | 🔴 Not started | Agent A |
| Remove `X-Api-Key` header handling from middleware | 🔴 Not started | TBD |
| Update all client SDKs to use JWT | 🔴 Not started | TBD |
| Generate and rotate JWT secrets for production | 🔴 Not started | DevOps |
| Document JWT token lifecycle (issue, refresh, revoke) | 🔴 Not started | TBD |

### Acceptance Criteria
- [ ] No `require_*_key()` functions exist in codebase
- [ ] No `X-Api-Key` header is accepted anywhere
- [ ] All tests use JWT tokens
- [ ] Client documentation shows JWT-only auth

---

## P0: Systemd & Infrastructure Hardening (MUST HAVE)

### Problem
Systemd units were **deferred** in v0.4.26. Production cannot run without hardened service definitions.

### Work Required

| Task | Status | Owner |
|------|--------|-------|
| Audit all systemd units for security best practices | 🔴 Not started | Agent B |
| Add `PrivateTmp=yes`, `NoNewPrivileges=yes`, `ProtectSystem=strict` | 🔴 Not started | Agent B |
| Move inline secrets out of `.service` files | 🔴 Not started | Agent B |
| Use `EnvironmentFile=/etc/aitbc/%N.env` for secrets | 🔴 Not started | Agent B |
| Add systemd watchdog (`WatchdogSec=30`, `NotifyAccess=all`) | 🔴 Not started | Agent B |
| Limit resources (`MemoryMax`, `CPUQuota`) | 🔴 Not started | Agent B |
| Add restart policy: `Restart=on-failure`, `RestartSec=5` | 🔴 Not started | Agent B |

### Acceptance Criteria
- [ ] All services run as non-root user
- [ ] No secrets in `/etc/systemd/system/*.service`
- [ ] `systemctl status` shows clean security profile
- [ ] OOM conditions are handled gracefully

---

## P1: Secret Management (MUST HAVE)

### Problem
Secrets are scattered across env vars, config files, and systemd units. Production needs a unified secret management strategy.

### Work Required

| Task | Status | Owner |
|------|--------|-------|
| Deploy HashiCorp Vault or AWS Secrets Manager | 🔴 Not started | DevOps |
| Create secret rotation policy (90-day max age) | 🔴 Not started | Security |
| Audit all env vars for secret leakage in logs | 🔴 Not started | Agent B |
| Add secret masking to logging (`***` for keys) | 🔴 Not started | TBD |
| Implement `generate_dev_keys.py` for local dev | 🟡 Partial | Agent B |
| Add `detect-secrets` to CI (block on findings) | 🔴 Not started | TBD |

### Acceptance Criteria
- [ ] No plaintext secrets in repo, CI logs, or systemd units
- [ ] Secret rotation is documented and automated
- [ ] Local dev generates ephemeral keys automatically
- [ ] CI blocks any new committed secret

---

## P1: Observability & Monitoring (MUST HAVE)

### Problem
Observability standardization was **deferred** in v0.4.26. Production requires monitoring, alerting, and tracing.

### Work Required

| Task | Status | Owner |
|------|--------|-------|
| Deploy Prometheus + Grafana for metrics | 🔴 Not started | DevOps |
| Add `/metrics` endpoint to all services | 🔴 Not started | TBD |
| Standardize logging (JSON format, structured) | 🔴 Not started | Agent B |
| Add distributed tracing (OpenTelemetry/Jaeger) | 🔴 Not started | TBD |
| Create alerting rules for critical paths | 🔴 Not started | DevOps |
| Add health check endpoints (`/health`, `/ready`, `/live`) | 🟡 Partial | Agent B |
| Add request latency histograms | 🔴 Not started | TBD |

### Acceptance Criteria
- [ ] All services expose `/metrics` in Prometheus format
- [ ] Grafana dashboard shows request rates, errors, latency
- [ ] Alerts fire on: 5xx spikes, auth failures, blockchain sync lag
- [ ] Logs are queryable (not just flat files)

---

## P1: DB/Redis Backing for Mock State (MUST HAVE)

### Problem
Mock routers use module-global dictionaries. This was **deferred** in v0.4.26. Production state must be persistent.

### Work Required

| Task | Status | Owner |
|------|--------|-------|
| Audit all mock routers for in-memory state | 🔴 Not started | Agent A |
| Replace dict state with Redis-backed models | 🔴 Not started | Agent A |
| Add Redis connection pooling | 🔴 Not started | TBD |
| Add cache invalidation on state changes | 🔴 Not started | TBD |
| Ensure mock routers work with `debug=false` | 🟡 Partial | Agent B |

### Acceptance Criteria
- [ ] No module-global `dict()` used for persistent state
- [ ] State survives service restart
- [ ] Multiple service instances share state correctly

---

## P1: Performance & Load Testing (SHOULD HAVE)

### Work Required

| Task | Status | Owner |
|------|--------|-------|
| Add load tests for critical paths (job submit, miner heartbeat) | 🔴 Not started | QA |
| Profile coordinator API under 1000 req/s | 🔴 Not started | QA |
| Identify and fix N+1 queries | 🔴 Not started | Agent A |
| Add database connection pooling limits | 🔴 Not started | TBD |
| Benchmark blockchain sync performance | 🔴 Not started | Blockchain team |

### Acceptance Criteria
- [ ] Coordinator API handles 1000 req/s with <100ms p99 latency
- [ ] Database CPU stays under 70% at peak load
- [ ] No memory leaks over 24-hour run

---

## P2: Documentation & Deployment Automation (SHOULD HAVE)

### Work Required

| Task | Status | Owner |
|------|--------|-------|
| Create `docs/deployment/PRODUCTION.md` step-by-step guide | 🔴 Not started | TBD |
| Automate deployment with Ansible/Terraform | 🔴 Not started | DevOps |
| Add pre-flight check script (`scripts/check-production-readiness.py`) | 🔴 Not started | TBD |
| Document rollback procedures | 🔴 Not started | TBD |
| Create runbook for common incidents | 🔴 Not started | TBD |
| Update README with v1.0.0 architecture diagram | 🔴 Not started | TBD |

---

## P2: Security Audit (SHOULD HAVE)

### Work Required

| Task | Status | Owner |
|------|--------|-------|
| External security audit (smart contracts) | 🔴 Not started | Security |
| External security audit (API/auth) | 🔴 Not started | Security |
| Penetration testing on staging | 🔴 Not started | Security |
| Fix all audit findings before v1.0.0 | 🔴 Not started | TBD |

---

## Deferred to Post-v1.0.0

These items are important but not blockers for v1.0.0:

- OAuth2 / social login support
- Multi-factor authentication
- Mobile app SDK
- Advanced analytics dashboard
- Cross-chain bridges (Polygon, Arbitrum)
- GPU marketplace expansion

---

## Release Checklist

Before tagging v1.0.0:

- [ ] All P0 items complete
- [ ] All P1 items complete
- [ ] Security audit complete with no P0/P1 findings
- [ ] Load tests pass at target capacity
- [ ] Deployment automation tested on staging
- [ ] Rollback procedure tested
- [ ] All secrets rotated
- [ ] Smart contracts deployed and verified on Etherscan
- [ ] Monitoring dashboards active
- [ ] Team trained on incident response
- [ ] Public announcement prepared

---

## Migration from v0.4.26

For operators upgrading from v0.4.26:

1. **Backup**: Snapshot database before migration
2. **Config**: Replace testnet RPC with mainnet RPC
3. **Secrets**: Generate new JWT secret, rotate all API keys
4. **Contracts**: Deploy new smart contracts, update addresses
5. **Auth**: Update all clients to use JWT
6. **Monitoring**: Deploy Prometheus/Grafana
7. **Verify**: Run `scripts/check-production-readiness.py`

---

## Risks

| Risk | Impact | Mitigation |
|------|--------|------------|
| Smart contract bug on mainnet | Critical (lost funds) | External audit, testnet rehearsal, insurance |
| JWT secret compromise | High (unauthorized access) | Short expiry, rotation policy, Vault storage |
| Mainnet RPC downtime | Medium (service disruption) | Multi-provider failover (Infura + Alchemy + QuickNode) |
| Load beyond capacity | Medium (degraded service) | Auto-scaling, rate limiting, queue backpressure |

---

*This is a living document. Update as work progresses.*
