# v0.5.14 — Cross-Context Dependency Elimination

**Theme**: Eliminate the 4 remaining cross-context domain-model imports in coordinator-api by introducing service interfaces, DTOs, or shared-kernel extraction.

**Goal**: Zero cross-context domain-model imports. Each context owns its domain models; cross-context communication happens via service interfaces, DTOs, or a shared-kernel package — never via direct domain-model imports.

**Context**: v0.5.13 completed the bounded-context migration (Tiers 1–3): 10 domain models moved from flat `app/domain/` to their owning `contexts/<bc>/domain/` directories. The T3 commit documented 4 remaining cross-context dependencies that were explicitly out of scope for v0.5.13. This release addresses them.

**Status**: Complete — all 5 tasks done (X1–X5). 4 targeted cross-context dependencies eliminated; 9 additional pre-existing cross-context imports documented for future work.

---

## Decisions (resolved 2026-06-25, long-term pros/cons basis)

- **X2/X3 → (A) Move model to consuming context's `domain/`.** Verified `agent_coordination` references `ReinforcementLearningConfig` and `FusionModel` only inside `agent_performance.py` (the definition file) — no other agent_coordination service/router uses them, so moving them creates **no reversed dependency**. SQLModel table names are unchanged → no DB migration. Long-term: ownership aligns with the sole consumer; the only con is a *hypothetical* future cost (if `agent_coordination` ever needs these models). Rejected (B) shared-kernel: persistent dumping-ground anti-pattern. Rejected (C): doesn't meet the release goal.
- **X4 → (A) Merge `ai_analytics` into `analytics` as a sub-package.** `ai_analytics` has no domain models and no routes — it is a service layer over `analytics` models, not a separate bounded context. Long-term: (A)'s only con is *hypothetical/deferrable* (re-extraction if `ai_analytics` ever grows its own domain — YAGNI). Rejected (B) service interface: its 7-class façade must track every model change *forever* — a certain, ongoing maintenance cost — while providing only illusory decoupling (ai_analytics still depends on the data shapes). Rejected (C): doesn't meet the release goal.

---

## Implementation Status

| # | Task | Priority | Status |
|---|------|----------|--------|
| X1 | `security` → `agent_coordination.domain.agent` — extract `WorkflowSecurityView` DTO / service-interface method | Medium | ✅ DONE |
| X2 | Move `ReinforcementLearningConfig` to `contexts/advanced_rl/domain/` (decision A) | Medium | ✅ DONE |
| X3 | Move `FusionModel` to `contexts/multimodal/domain/` (decision A) | Medium | ✅ DONE |
| X4 | Merge `ai_analytics` into `analytics` as a sub-package (decision A) | Medium | ✅ DONE |
| X5 | Verify zero cross-context domain-model imports remain + update audit docs | High | ✅ DONE |

---

## Grounding Facts (verified 2026-06-24)

### Current state of the 4 cross-context dependencies

All 4 were introduced or formalized in v0.5.13 commit `21c211ca6` (T3 migration). They are explicit, traceable imports — not accidental. Each is documented in the v0.5.13 change.log §T3 "Remaining cross-context dependencies".

#### X1: `security` → `agent_coordination.domain.agent`

- **Importer**: `contexts/security/routers/security_router.py:18`
- **Import**: `from app.contexts.agent_coordination.domain.agent import AIAgentWorkflow`
- **Usage**: 2 references — line 18 (import), line 191 (`session.get(AIAgentWorkflow, workflow_id)`)
- **What it does**: The security router looks up an `AIAgentWorkflow` by ID to check ownership/permissions before security operations.
- **Depth**: Shallow — only needs `workflow_id`, `owner_id`, `is_public` fields.
- **Suggested fix**: Extract a `WorkflowSecurityView` DTO (read-only: `id`, `owner_id`, `is_public`) in a shared kernel or as a service interface method `get_workflow_security_context(workflow_id) -> WorkflowSecurityView` on the agent_coordination context's public API.

#### X2: `advanced_rl` → `agent_coordination.domain.agent_performance`

- **Importers**:
  - `contexts/advanced_rl/services/advanced_rl/engine.py:19` — 12 references
  - `contexts/advanced_rl/services/advanced_rl/marketplace_optimizer.py:15` — 5 references
- **Import**: `from app.contexts.agent_coordination.domain.agent_performance import ReinforcementLearningConfig`
- **Usage**: `ReinforcementLearningConfig` is used as a SQLModel table (`select`, `session.add`, field access) throughout the RL engine — it's not just a DTO, it's a persisted entity the RL engine reads and writes.
- **Depth**: Deep — 17 total references across 2 files. The RL engine treats `ReinforcementLearningConfig` as its own data model.
- **Suggested fix**: This is the hardest case. Options:
  - **(A) Move `ReinforcementLearningConfig` to `contexts/advanced_rl/domain/`** — the RL engine is the primary consumer. `agent_coordination` would then import it cross-context (reversing the direction), but since `agent_coordination` doesn't currently use it in any router (only `services/agent_coordination/performance.py` does), this may be cleaner.
  - **(B) Extract to shared kernel** (`app/shared_kernel/rl_config.py`) — both contexts import from there.
  - **(C) Keep as-is** — the RL engine's usage is so deep that a DTO/service-interface refactor would be high-blast-radius for minimal architectural benefit.

#### X3: `multimodal` → `agent_coordination.domain.agent_performance`

- **Importer**: `contexts/multimodal/services/multi_modal_fusion/fusion_engine.py:17`
- **Import**: `from app.contexts.agent_coordination.domain.agent_performance import FusionModel`
- **Usage**: 15 references — `FusionModel` is used as a SQLModel table (create, query, update, pass as argument to multiple methods).
- **Depth**: Deep — the fusion engine treats `FusionModel` as its core data model.
- **Suggested fix**: Same pattern as X2. Options:
  - **(A) Move `FusionModel` to `contexts/multimodal/domain/`** — the fusion engine is the primary (and only) consumer. `agent_coordination` doesn't use `FusionModel` in any router or service outside the model file itself.
  - **(B) Extract to shared kernel**.
  - **(C) Keep as-is**.

#### X4: `ai_analytics` → `analytics.domain.analytics`

- **Importer**: `contexts/ai_analytics/services/ai_analytics/analytics.py:10`
- **Import**: `from ....analytics.domain.analytics import (AnalyticsAlert, AnalyticsPeriod, DashboardConfig, InsightType, MarketInsight, MarketMetric, MetricType)` — 7 classes
- **Usage**: 101 references throughout the 770-line analytics service. The `ai_analytics` `AnalyticsEngine` and `MarketplaceAnalytics` classes are built entirely on top of the `analytics` domain models.
- **Depth**: Very deep — the entire `ai_analytics` service is a consumer layer over `analytics` domain models.
- **Suggested fix**: This is a legitimate consumer relationship, not a boundary violation. Options:
  - **(A) Merge `ai_analytics` into `analytics`** — `ai_analytics` has no domain models, no routes, just services that consume `analytics` models. It may be a sub-package of `analytics` rather than a separate context.
  - **(B) Introduce an `AnalyticsQueryService` interface** in the `analytics` context's public API, with `ai_analytics` calling through the interface rather than importing models directly.
  - **(C) Keep as-is** — document as an accepted consumer relationship. The 4-dot relative import is explicit and the coupling is intentional (ai_analytics is an analytics consumer).

---

## Execution Notes

### Recommended order

1. **X1 first** (shallowest — 2 references, read-only usage). Quick win, establishes the DTO/service-interface pattern.
2. **X2 + X3 together** (similar pattern — both are deep usages of a single SQLModel class from `agent_performance.py`). Decide together whether to move the classes to the consuming contexts (A) or extract to shared kernel (B).
3. **X4 last** (deepest — 101 references, 7 classes). Requires a design decision: merge contexts or introduce service interface.
4. **X5** — final verification sweep.

### Decision points

- **X2/X3**: Move to consuming context (A) vs shared kernel (B) vs keep (C)? This determines whether `agent_performance.py` stays in `agent_coordination` or gets split.
- **X4**: Merge `ai_analytics` into `analytics` (A) vs service interface (B) vs accept (C)? This is the biggest architectural decision.

### Verification

```bash
# Zero cross-context domain-model imports (excluding shared kernel)
cd /opt/aitbc/apps/coordinator-api/src/app && \
  grep -rn "from \.\{3,\}.*\.domain\." contexts/ | grep -v "__pycache__" | grep -v "shared_kernel"
# Should return 0 matches after all tasks complete

# Or with absolute imports:
grep -rn "from app\.contexts\.\w*\.domain\." contexts/ | grep -v "__pycache__" | grep -v "shared_kernel"
# Should return 0 matches (each context should only import from its own domain/)
```

### Coordination

- All tasks are in Agent B's domain (`apps/coordinator-api/`).
- No files in `aitbc/` are affected.
- No conflict with Agent A.

---

## X5 Verification Results (2026-06-25)

### Targeted dependencies — all 4 eliminated ✅

| # | Dependency | Status | How |
|---|-----------|--------|-----|
| X1 | `security` → `agent_coordination.domain.agent` (`AIAgentWorkflow`) | ✅ Eliminated | Added `validate_workflow_security_by_id` method to `AgentSecurityManager` (encapsulates workflow lookup + ownership check). Router no longer imports `AIAgentWorkflow`. |
| X2 | `advanced_rl` → `agent_coordination.domain.agent_performance` (`ReinforcementLearningConfig`) | ✅ Eliminated | Moved model to `contexts/advanced_rl/domain/rl_config.py`. Table name `rl_configurations` unchanged — no DB migration. 2 consumer files updated. |
| X3 | `multimodal` → `agent_coordination.domain.agent_performance` (`FusionModel`) | ✅ Eliminated | Moved model to `contexts/multimodal/domain/fusion_model.py`. Table name `fusion_models` unchanged — no DB migration. 1 consumer file updated. |
| X4 | `ai_analytics` → `analytics.domain.analytics` (7 classes, 101 refs) | ✅ Eliminated | Merged `ai_analytics` context into `analytics` as `services/ai_analytics/` sub-package. 101 refs became intra-context. 3 external references + security matrix updated. `ai_analytics/` context directory removed. |

### Newly discovered pre-existing cross-context imports (NOT in v0.5.14 scope)

The X5 verification sweep discovered additional cross-context domain-model imports that were **not** part of the 4 documented dependencies. These pre-date v0.5.14 and are candidates for a future release:

| Importer context → Target context | Files | Model(s) |
|-----------------------------------|-------|----------|
| `certification` → `reputation` | 3 (badge_system, certification_system, partnership_manager) | `AgentReputation` |
| `marketplace` → `cross_chain` | 2 (global_marketplace_integration router + service) | `TransactionPriority` |
| `marketplace` → `agent_identity` | 1 (global_marketplace.py) | `AgentIdentity` |
| `rewards` → `reputation` | 2 (rewards router, reward_service) | `AgentReputation` |
| `edge_gpu` → `marketplace` | 1 (edge_gpu_service.py) | `ConsumerGPUProfile`, `EdgeGPUMetrics`, `GPUArchitecture` |

**Total: 9 cross-context domain-model imports across 5 importer contexts.**

These were likely formalized during v0.5.13's T2/T2-r migrations (when `reputation` and `chain_transaction` models moved to their owning contexts) but were not documented as remaining dependencies in the T3 audit. They are out of scope for v0.5.14.

### Legacy flat-domain imports (app.domain.* — separate concern)

12 occurrences across 8 files import from the old flat `app/domain/` directory rather than from bounded contexts. These are a separate migration concern (models not yet moved to `contexts/<bc>/domain/`):

- `bounty/routers/bounty.py` → `app.domain.bounty`
- `community/routers/community.py` → `app.domain.community`
- `developer_platform/routers/developer_platform.py` → `app.domain.developer_platform`
- `governance` (4 files) → `app.domain.governance`, `app.domain.dao_governance`
- `staking` (2 files) → `app.domain.bounty`
- `trading/services/trading_marketplace/dynamic_pricing.py` → `app.domain.pricing_models`
- `wallet` (2 files) → `app.domain.wallet`

### Verification commands run

```bash
# Import resolution check — all modified modules load correctly
cd /opt/aitbc/apps/coordinator-api && PYTHONPATH=src ../../venv/bin/python -c "
from app.contexts.advanced_rl.domain import ReinforcementLearningConfig
from app.contexts.multimodal.domain import FusionModel
from app.contexts.analytics.services.ai_analytics.analytics import AnalyticsEngine
from app.contexts.analytics.services.ai_analytics.adaptive_learning import AdaptiveLearningService
from app.services.agent_coordination.security import AgentSecurityManager
from app.contexts.security.routers.security_router import router
from app.contexts.advanced_ai.routers.adaptive_learning_health import router
from app.services.adaptive_learning_app import app
"
# → All imports OK. Table names unchanged (rl_configurations, fusion_models).

# Ruff — all modified files pass
cd /opt/aitbc/apps/coordinator-api && PYTHONPATH=src ../../venv/bin/python -m ruff check \
  src/app/contexts/analytics/ src/app/contexts/advanced_rl/ src/app/contexts/multimodal/ \
  src/app/contexts/security/routers/security_router.py src/app/services/agent_coordination/security.py \
  src/app/services/adaptive_learning_app.py src/app/contexts/advanced_ai/routers/adaptive_learning_health.py \
  src/app/auth/security_matrix.py
# → All checks passed!
```
